The system is: Windows - 10.0.22621 - AMD64
Compiling the C compiler identification source file "CMakeCCompilerId.c" succeeded.
Compiler: D:/visualStudio/ide/VC/Tools/MSVC/14.35.32215/bin/Hostx64/x64/cl.exe 
Build flags: 
Id flags:  

The output was:
0
用于 x64 的 Microsoft (R) C/C++ 优化编译器 19.35.32216.1 版
版权所有(C) Microsoft Corporation。保留所有权利。

CMakeCCompilerId.c
Microsoft (R) Incremental Linker Version 14.35.32216.1
Copyright (C) Microsoft Corporation.  All rights reserved.

/out:CMakeCCompilerId.exe 
CMakeCCompilerId.obj 


Compilation of the C compiler identification source "CMakeCCompilerId.c" produced "CMakeCCompilerId.exe"

Compilation of the C compiler identification source "CMakeCCompilerId.c" produced "CMakeCCompilerId.obj"

The C compiler identification is MSVC, found in "E:/box3d/out/build/x64-Release/CMakeFiles/3.25.1-msvc1/CompilerIdC/CMakeCCompilerId.exe"

Compiling the CXX compiler identification source file "CMakeCXXCompilerId.cpp" succeeded.
Compiler: D:/visualStudio/ide/VC/Tools/MSVC/14.35.32215/bin/Hostx64/x64/cl.exe 
Build flags: 
Id flags:  

The output was:
0
用于 x64 的 Microsoft (R) C/C++ 优化编译器 19.35.32216.1 版
版权所有(C) Microsoft Corporation。保留所有权利。

CMakeCXXCompilerId.cpp
Microsoft (R) Incremental Linker Version 14.35.32216.1
Copyright (C) Microsoft Corporation.  All rights reserved.

/out:CMakeCXXCompilerId.exe 
CMakeCXXCompilerId.obj 


Compilation of the CXX compiler identification source "CMakeCXXCompilerId.cpp" produced "CMakeCXXCompilerId.exe"

Compilation of the CXX compiler identification source "CMakeCXXCompilerId.cpp" produced "CMakeCXXCompilerId.obj"

The CXX compiler identification is MSVC, found in "E:/box3d/out/build/x64-Release/CMakeFiles/3.25.1-msvc1/CompilerIdCXX/CMakeCXXCompilerId.exe"

Detecting C compiler ABI info compiled with the following output:
Change Dir: E:/box3d/out/build/x64-Release/CMakeFiles/CMakeScratch/TryCompile-0icwtw

Run Build Command(s):D:\VISUALSTUDIO\IDE\COMMON7\IDE\COMMONEXTENSIONS\MICROSOFT\CMAKE\Ninja\ninja.exe cmTC_5e082 && [1/2] Building C object CMakeFiles\cmTC_5e082.dir\CMakeCCompilerABI.c.obj
[2/2] Linking C executable cmTC_5e082.exe



Detecting CXX compiler ABI info compiled with the following output:
Change Dir: E:/box3d/out/build/x64-Release/CMakeFiles/CMakeScratch/TryCompile-s0u1rb

Run Build Command(s):D:\VISUALSTUDIO\IDE\COMMON7\IDE\COMMONEXTENSIONS\MICROSOFT\CMAKE\Ninja\ninja.exe cmTC_43cd1 && [1/2] Building CXX object CMakeFiles\cmTC_43cd1.dir\CMakeCXXCompilerABI.cpp.obj
[2/2] Linking CXX executable cmTC_43cd1.exe



Performing C++ SOURCE FILE Test standard_math_library_linked_to_automatically succeeded with the following output:
Change Dir: E:/box3d/out/build/x64-Release/CMakeFiles/CMakeScratch/TryCompile-7hi145

Run Build Command(s):D:\VISUALSTUDIO\IDE\COMMON7\IDE\COMMONEXTENSIONS\MICROSOFT\CMAKE\Ninja\ninja.exe cmTC_93c02 && [1/2] Building CXX object CMakeFiles\cmTC_93c02.dir\src.cxx.obj
[2/2] Linking CXX executable cmTC_93c02.exe


Source file was:

#include<cmath>
int main(int argc, char **){
  return int(std::sin(double(argc)) + std::log(double(argc)));
}

Performing C++ SOURCE FILE Test COMPILER_SUPPORT_OPENMP succeeded with the following output:
Change Dir: E:/box3d/out/build/x64-Release/CMakeFiles/CMakeScratch/TryCompile-c0f2m0

Run Build Command(s):D:\VISUALSTUDIO\IDE\COMMON7\IDE\COMMONEXTENSIONS\MICROSOFT\CMAKE\Ninja\ninja.exe cmTC_a0ef0 && [1/2] Building CXX object CMakeFiles\cmTC_a0ef0.dir\src.cxx.obj
[2/2] Linking CXX executable cmTC_a0ef0.exe


Source file was:
int main() { return 0; }

Looking for a Fortran compiler passed with the following output:
-- The Fortran compiler identification is GNU 8.1.0
-- Detecting Fortran compiler ABI info
-- Detecting Fortran compiler ABI info - done
-- Check for working Fortran compiler: D:/MinGW-w64/mingw64/bin/gfortran.exe - skipped
-- Configuring done
-- Generating done
-- Build files have been written to: E:/box3d/out/build/x64-Release/_deps/eigen-build/test/CMakeFiles/CheckFortran

Compiling the Fortran compiler identification source file "CMakeFortranCompilerId.F" succeeded.
Compiler: D:/MinGW-w64/mingw64/bin/gfortran.exe 
Build flags: 
Id flags: -v 

The output was:
0
Driving: D:/MinGW-w64/mingw64/bin/gfortran.exe -v CMakeFortranCompilerId.F -l gfortran -shared-libgcc
Using built-in specs.
COLLECT_GCC=D:/MinGW-w64/mingw64/bin/gfortran.exe
COLLECT_LTO_WRAPPER=D:/MinGW-w64/mingw64/bin/../libexec/gcc/x86_64-w64-mingw32/8.1.0/lto-wrapper.exe
Target: x86_64-w64-mingw32
Configured with: ../../../src/gcc-8.1.0/configure --host=x86_64-w64-mingw32 --build=x86_64-w64-mingw32 --target=x86_64-w64-mingw32 --prefix=/mingw64 --with-sysroot=/c/mingw810/x86_64-810-win32-seh-rt_v6-rev0/mingw64 --enable-shared --enable-static --disable-multilib --enable-languages=c,c++,fortran,lto --enable-libstdcxx-time=yes --enable-threads=win32 --enable-libgomp --enable-libatomic --enable-lto --enable-graphite --enable-checking=release --enable-fully-dynamic-string --enable-version-specific-runtime-libs --disable-libstdcxx-pch --disable-libstdcxx-debug --enable-bootstrap --disable-rpath --disable-win32-registry --disable-nls --disable-werror --disable-symvers --with-gnu-as --with-gnu-ld --with-arch=nocona --with-tune=core2 --with-libiconv --with-system-zlib --with-gmp=/c/mingw810/prerequisites/x86_64-w64-mingw32-static --with-mpfr=/c/mingw810/prerequisites/x86_64-w64-mingw32-static --with-mpc=/c/mingw810/prerequisites/x86_64-w64-mingw32-static --with-isl=/c/mingw810/prerequisites/x86_64-w64-mingw32-static --with-pkgversion='x86_64-win32-seh-rev0, Built by MinGW-W64 project' --with-bugurl=https://sourceforge.net/projects/mingw-w64 CFLAGS='-O2 -pipe -fno-ident -I/c/mingw810/x86_64-810-win32-seh-rt_v6-rev0/mingw64/opt/include -I/c/mingw810/prerequisites/x86_64-zlib-static/include -I/c/mingw810/prerequisites/x86_64-w64-mingw32-static/include' CXXFLAGS='-O2 -pipe -fno-ident -I/c/mingw810/x86_64-810-win32-seh-rt_v6-rev0/mingw64/opt/include -I/c/mingw810/prerequisites/x86_64-zlib-static/include -I/c/mingw810/prerequisites/x86_64-w64-mingw32-static/include' CPPFLAGS=' -I/c/mingw810/x86_64-810-win32-seh-rt_v6-rev0/mingw64/opt/include -I/c/mingw810/prerequisites/x86_64-zlib-static/include -I/c/mingw810/prerequisites/x86_64-w64-mingw32-static/include' LDFLAGS='-pipe -fno-ident -L/c/mingw810/x86_64-810-win32-seh-rt_v6-rev0/mingw64/opt/lib -L/c/mingw810/prerequisites/x86_64-zlib-static/lib -L/c/mingw810/prerequisites/x86_64-w64-mingw32-static/lib '
Thread model: win32
gcc version 8.1.0 (x86_64-win32-seh-rev0, Built by MinGW-W64 project) 
COLLECT_GCC_OPTIONS='-v' '-shared-libgcc' '-mtune=core2' '-march=nocona'
 D:/MinGW-w64/mingw64/bin/../libexec/gcc/x86_64-w64-mingw32/8.1.0/f951.exe CMakeFortranCompilerId.F -ffixed-form -cpp=C:\Users\15530\AppData\Local\Temp\cc7UIZkK.f90 -quiet -v -iprefix D:/MinGW-w64/mingw64/bin/../lib/gcc/x86_64-w64-mingw32/8.1.0/ -U_REENTRANT CMakeFortranCompilerId.F -quiet -dumpbase CMakeFortranCompilerId.F -mtune=core2 -march=nocona -auxbase CMakeFortranCompilerId -version -fintrinsic-modules-path D:/MinGW-w64/mingw64/bin/../lib/gcc/x86_64-w64-mingw32/8.1.0/finclude -o C:\Users\15530\AppData\Local\Temp\ccyhXwqk.s
GNU Fortran (x86_64-win32-seh-rev0, Built by MinGW-W64 project) version 8.1.0 (x86_64-w64-mingw32)
	compiled by GNU C version 8.1.0, GMP version 6.1.2, MPFR version 4.0.1, MPC version 1.1.0, isl version isl-0.18-GMP

GGC heuristics: --param ggc-min-expand=100 --param ggc-min-heapsize=131072
ignoring duplicate directory "D:/MinGW-w64/mingw64/lib/gcc/../../lib/gcc/x86_64-w64-mingw32/8.1.0/include"
ignoring nonexistent directory "C:/mingw810/x86_64-810-win32-seh-rt_v6-rev0/mingw64C:/msys64/mingw64/lib/gcc/x86_64-w64-mingw32/8.1.0/../../../../include"
ignoring duplicate directory "D:/MinGW-w64/mingw64/lib/gcc/../../lib/gcc/x86_64-w64-mingw32/8.1.0/include-fixed"
ignoring duplicate directory "D:/MinGW-w64/mingw64/lib/gcc/../../lib/gcc/x86_64-w64-mingw32/8.1.0/../../../../x86_64-w64-mingw32/include"
ignoring nonexistent directory "C:/mingw810/x86_64-810-win32-seh-rt_v6-rev0/mingw64/mingw/include"
#include "..." search starts here:
#include <...> search starts here:
 D:/MinGW-w64/mingw64/bin/../lib/gcc/x86_64-w64-mingw32/8.1.0/finclude
 D:/MinGW-w64/mingw64/bin/../lib/gcc/x86_64-w64-mingw32/8.1.0/include
 D:/MinGW-w64/mingw64/bin/../lib/gcc/x86_64-w64-mingw32/8.1.0/include-fixed
 D:/MinGW-w64/mingw64/bin/../lib/gcc/x86_64-w64-mingw32/8.1.0/../../../../x86_64-w64-mingw32/include
End of search list.
GNU Fortran2008 (x86_64-win32-seh-rev0, Built by MinGW-W64 project) version 8.1.0 (x86_64-w64-mingw32)
	compiled by GNU C version 8.1.0, GMP version 6.1.2, MPFR version 4.0.1, MPC version 1.1.0, isl version isl-0.18-GMP

GGC heuristics: --param ggc-min-expand=100 --param ggc-min-heapsize=131072
COLLECT_GCC_OPTIONS='-v' '-shared-libgcc' '-mtune=core2' '-march=nocona'
 D:/MinGW-w64/mingw64/bin/../lib/gcc/x86_64-w64-mingw32/8.1.0/../../../../x86_64-w64-mingw32/bin/as.exe -v -o C:\Users\15530\AppData\Local\Temp\ccNvsrj0.o C:\Users\15530\AppData\Local\Temp\ccyhXwqk.s
GNU assembler version 2.30 (x86_64-w64-mingw32) using BFD version (GNU Binutils) 2.30
Reading specs from D:/MinGW-w64/mingw64/bin/../lib/gcc/x86_64-w64-mingw32/8.1.0/libgfortran.spec
rename spec lib to liborig
COLLECT_GCC_OPTIONS='-v' '-shared-libgcc' '-mtune=core2' '-march=nocona'
COMPILER_PATH=D:/MinGW-w64/mingw64/bin/../libexec/gcc/x86_64-w64-mingw32/8.1.0/;D:/MinGW-w64/mingw64/bin/../libexec/gcc/;D:/MinGW-w64/mingw64/bin/../lib/gcc/x86_64-w64-mingw32/8.1.0/../../../../x86_64-w64-mingw32/bin/
LIBRARY_PATH=D:/MinGW-w64/mingw64/bin/../lib/gcc/x86_64-w64-mingw32/8.1.0/;D:/MinGW-w64/mingw64/bin/../lib/gcc/;D:/MinGW-w64/mingw64/bin/../lib/gcc/x86_64-w64-mingw32/8.1.0/../../../../x86_64-w64-mingw32/lib/../lib/;D:/MinGW-w64/mingw64/bin/../lib/gcc/x86_64-w64-mingw32/8.1.0/../../../../lib/;D:/MinGW-w64/mingw64/bin/../lib/gcc/x86_64-w64-mingw32/8.1.0/../../../../x86_64-w64-mingw32/lib/;D:/MinGW-w64/mingw64/bin/../lib/gcc/x86_64-w64-mingw32/8.1.0/../../../
COLLECT_GCC_OPTIONS='-v' '-shared-libgcc' '-mtune=core2' '-march=nocona'
 D:/MinGW-w64/mingw64/bin/../libexec/gcc/x86_64-w64-mingw32/8.1.0/collect2.exe -plugin D:/MinGW-w64/mingw64/bin/../libexec/gcc/x86_64-w64-mingw32/8.1.0/liblto_plugin-0.dll -plugin-opt=D:/MinGW-w64/mingw64/bin/../libexec/gcc/x86_64-w64-mingw32/8.1.0/lto-wrapper.exe -plugin-opt=-fresolution=C:\Users\15530\AppData\Local\Temp\ccExLZfE.res -plugin-opt=-pass-through=-lmingw32 -plugin-opt=-pass-through=-lgcc_s -plugin-opt=-pass-through=-lgcc -plugin-opt=-pass-through=-lmoldname -plugin-opt=-pass-through=-lmingwex -plugin-opt=-pass-through=-lmsvcrt -plugin-opt=-pass-through=-lquadmath -plugin-opt=-pass-through=-lm -plugin-opt=-pass-through=-lmingw32 -plugin-opt=-pass-through=-lgcc_s -plugin-opt=-pass-through=-lgcc -plugin-opt=-pass-through=-lmoldname -plugin-opt=-pass-through=-lmingwex -plugin-opt=-pass-through=-lmsvcrt -plugin-opt=-pass-through=-ladvapi32 -plugin-opt=-pass-through=-lshell32 -plugin-opt=-pass-through=-luser32 -plugin-opt=-pass-through=-lkernel32 -plugin-opt=-pass-through=-liconv -plugin-opt=-pass-through=-lmingw32 -plugin-opt=-pass-through=-lgcc_s -plugin-opt=-pass-through=-lgcc -plugin-opt=-pass-through=-lmoldname -plugin-opt=-pass-through=-lmingwex -plugin-opt=-pass-through=-lmsvcrt --sysroot=C:/mingw810/x86_64-810-win32-seh-rt_v6-rev0/mingw64 -m i386pep -Bdynamic D:/MinGW-w64/mingw64/bin/../lib/gcc/x86_64-w64-mingw32/8.1.0/../../../../x86_64-w64-mingw32/lib/../lib/crt2.o D:/MinGW-w64/mingw64/bin/../lib/gcc/x86_64-w64-mingw32/8.1.0/crtbegin.o -LD:/MinGW-w64/mingw64/bin/../lib/gcc/x86_64-w64-mingw32/8.1.0 -LD:/MinGW-w64/mingw64/bin/../lib/gcc -LD:/MinGW-w64/mingw64/bin/../lib/gcc/x86_64-w64-mingw32/8.1.0/../../../../x86_64-w64-mingw32/lib/../lib -LD:/MinGW-w64/mingw64/bin/../lib/gcc/x86_64-w64-mingw32/8.1.0/../../../../lib -LD:/MinGW-w64/mingw64/bin/../lib/gcc/x86_64-w64-mingw32/8.1.0/../../../../x86_64-w64-mingw32/lib -LD:/MinGW-w64/mingw64/bin/../lib/gcc/x86_64-w64-mingw32/8.1.0/../../.. C:\Users\15530\AppData\Local\Temp\ccNvsrj0.o -lgfortran -lmingw32 -lgcc_s -lgcc -lmoldname -lmingwex -lmsvcrt -lquadmath -lm -lmingw32 -lgcc_s -lgcc -lmoldname -lmingwex -lmsvcrt -ladvapi32 -lshell32 -luser32 -lkernel32 -liconv -lmingw32 -lgcc_s -lgcc -lmoldname -lmingwex -lmsvcrt D:/MinGW-w64/mingw64/bin/../lib/gcc/x86_64-w64-mingw32/8.1.0/crtend.o
COLLECT_GCC_OPTIONS='-v' '-shared-libgcc' '-mtune=core2' '-march=nocona'


Compilation of the Fortran compiler identification source "CMakeFortranCompilerId.F" produced "a.exe"

The Fortran compiler identification is GNU, found in "E:/box3d/out/build/x64-Release/CMakeFiles/3.25.1-msvc1/CompilerIdFortran/a.exe"

